build/app/outputs/mapping/release/seeds.txt
com.example.easy_daily.MainActivity
com.example.easy_daily.MainActivity: MainActivity()
...
androidx.window.layout.HardwareFoldingFeature$Type: androidx.window.layout.HardwareFoldingFeature$Type access$getHINGE$cp()
io.flutter.embedding.engine.renderer.SurfaceTextureWrapper: android.graphics.SurfaceTexture surfaceTexture()
kotlin.jvm.internal.CallableReference: boolean isOpen()
androidx.window.embedding.EmbeddingAdapter: boolean translateActivityIntentPredicates$lambda-3(androidx.window.embedding.EmbeddingAdapter,java.util.Set,android.util.Pair)
kotlinx.coroutines.internal.LockFreeLinkedListNode: LockFreeLinkedListNode()
androidx.window.embedding.EmbeddingBackend: void registerSplitListenerForActivity(android.app.Activity,java.util.concurrent.Executor,androidx.core.util.Consumer)
androidx.window.layout.FoldingFeature$State: java.lang.String toString()
androidx.window.core.Version$Companion: androidx.window.core.Version getUNKNOWN()
androidx.window.layout.WindowMetrics: int hashCode()
kotlin.jvm.internal.CallableReference: kotlin.reflect.KCallable getReflected()
io.flutter.embedding.engine.renderer.SurfaceTextureWrapper: void attachToGLContext(int)
androidx.window.embedding.SplitInfo: boolean contains(android.app.Activity)
androidx.window.java.layout.WindowInfoTrackerCallbackAdapter$addListener$1$1$invokeSuspend$$inlined$collect$1: WindowInfoTrackerCallbackAdapter$addListener$1$1$invokeSuspend$$inlined$collect$1(androidx.core.util.Consumer)
kotlin.coroutines.AbstractCoroutineContextElement: kotlin.coroutines.CoroutineContext$Element get(kotlin.coroutines.CoroutineContext$Key)
io.flutter.embedding.android.TransparencyMode: io.flutter.embedding.android.TransparencyMode[] values()
io.flutter.plugin.editing.ImeSyncDeferringInsetsCallback: void install()
androidx.window.embedding.ActivityStack: java.lang.String toString()
kotlin.jvm.internal.CallableReference: java.lang.Object call(java.lang.Object[])
androidx.window.embedding.ActivityStack: boolean isEmpty()
androidx.window.layout.ExtensionsWindowLayoutInfoAdapter: androidx.window.layout.FoldingFeature translate$window_release(android.app.Activity,androidx.window.extensions.layout.FoldingFeature)
io.flutter.embedding.engine.FlutterJNI: void nativeRunBundleAndSnapshotFromLibrary(long,java.lang.String,java.lang.String,java.lang.String,android.content.res.AssetManager,java.util.List)
kotlinx.coroutines.EventLoopImplBase: EventLoopImplBase()
androidx.window.embedding.ExtensionEmbeddingBackend$SplitListenerWrapper: androidx.core.util.Consumer getCallback()
io.flutter.view.AccessibilityBridge$TextDirection: io.flutter.view.AccessibilityBridge$TextDirection valueOf(java.lang.String)
io.flutter.embedding.engine.mutatorsstack.FlutterMutatorsStack: java.util.List getMutators()
androidx.window.layout.WindowMetricsCalculatorCompat: android.graphics.Rect computeWindowBoundsIceCreamSandwich$window_release(android.app.Activity)
kotlinx.coroutines.internal.OpDescriptor: OpDescriptor()
androidx.window.embedding.SplitController$Companion: SplitController$Companion()
androidx.window.java.layout.WindowInfoTrackerCallbackAdapter: kotlinx.coroutines.flow.Flow windowLayoutInfo(android.app.Activity)
io.flutter.embedding.android.FlutterTextureView: void setRenderSurface(android.view.Surface)
androidx.window.embedding.EmptyEmbeddingComponent: void setEmbeddingRules(java.util.Set)
io.flutter.embedding.android.FlutterSurfaceView: io.flutter.embedding.engine.renderer.FlutterRenderer getAttachedRenderer()
io.flutter.embedding.engine.FlutterJNI: void setAsyncWaitForVsyncDelegate(io.flutter.embedding.engine.FlutterJNI$AsyncWaitForVsyncDelegate)
io.flutter.embedding.engine.FlutterJNI: void nativeNotifyLowMemoryWarning(long)
androidx.window.layout.SidecarCompat$registerConfigurationChangeListener$configChangeObserver$1: void onConfigurationChanged(android.content.res.Configuration)
kotlin.jvm.internal.FunctionReference: boolean isExternal()
androidx.window.layout.WindowInfoTrackerImpl$windowLayoutInfo$1: java.lang.Object invokeSuspend(java.lang.Object)