build/app/outputs/mapping/release/mapping.txt
# compiler: R8
# compiler_version: 3.3.83
# min_api: 16
# common_typos_disable
# {"id":"com.android.tools.r8.mapping","version":"2.0"}
# pg_map_id: c801934
# pg_map_hash: SHA-256 c8019348c828bc828d217e2b5321b0f5f44ea3eca094d71f299a6c52c483f7fd
...
kotlinx.coroutines.ThreadContextElement -> r0.a2:
    void restoreThreadContext(kotlin.coroutines.CoroutineContext,java.lang.Object) -> j
    java.lang.Object updateThreadContext(kotlin.coroutines.CoroutineContext) -> p
kotlinx.coroutines.ThreadLocalEventLoop -> r0.b2:
    kotlinx.coroutines.ThreadLocalEventLoop INSTANCE -> a
    java.lang.ThreadLocal ref -> b
    kotlinx.coroutines.EventLoop getEventLoop$kotlinx_coroutines_core() -> a
    void resetEventLoop$kotlinx_coroutines_core() -> b
    void setEventLoop$kotlinx_coroutines_core(kotlinx.coroutines.EventLoop) -> c
kotlinx.coroutines.Unconfined -> r0.c2:
    kotlinx.coroutines.Unconfined INSTANCE -> e
    void dispatch(kotlin.coroutines.CoroutineContext,java.lang.Runnable) -> i
    boolean isDispatchNeeded(kotlin.coroutines.CoroutineContext) -> k
kotlinx.coroutines.UndispatchedCoroutine -> r0.d2:
    java.lang.Object savedOldValue -> h
    kotlin.coroutines.CoroutineContext savedContext -> g
    void afterResume(java.lang.Object) -> s0
    boolean clearThreadContext() -> x0
    void saveThreadContext(kotlin.coroutines.CoroutineContext,java.lang.Object) -> y0
kotlinx.coroutines.UndispatchedMarker -> r0.e2:
    kotlinx.coroutines.UndispatchedMarker INSTANCE -> d
kotlinx.coroutines.YieldContext -> r0.f2:
    kotlinx.coroutines.YieldContext$Key Key -> e
    boolean dispatcherWasUnconfined -> d
kotlinx.coroutines.YieldContext$Key -> r0.f2$a:
kotlinx.coroutines.android.HandlerContext -> s0.a:
    java.lang.String name -> f
    android.os.Handler handler -> e
    boolean invokeImmediately -> g
    kotlinx.coroutines.android.HandlerContext immediate -> h
    void dispatch(kotlin.coroutines.CoroutineContext,java.lang.Runnable) -> i
    boolean isDispatchNeeded(kotlin.coroutines.CoroutineContext) -> k
    kotlinx.coroutines.MainCoroutineDispatcher getImmediate() -> m
    void cancelOnRejection(kotlin.coroutines.CoroutineContext,java.lang.Runnable) -> r
    kotlinx.coroutines.android.HandlerContext getImmediate() -> s
kotlinx.coroutines.android.HandlerDispatcher -> s0.b:
kotlinx.coroutines.android.HandlerDispatcherKt -> s0.c:
    kotlinx.coroutines.android.HandlerDispatcher Main -> a
    android.os.Handler asHandler(android.os.Looper,boolean) -> a
kotlinx.coroutines.channels.AbstractChannel -> t0.a:
    kotlinx.coroutines.channels.ReceiveOrClosed takeFirstReceiveOrPeekClosed() -> l
    boolean access$enqueueReceive(kotlinx.coroutines.channels.AbstractChannel,kotlinx.coroutines.channels.Receive) -> n
    void access$removeReceiveOnCancel(kotlinx.coroutines.channels.AbstractChannel,kotlinx.coroutines.CancellableContinuation,kotlinx.coroutines.channels.Receive) -> o
    boolean enqueueReceive(kotlinx.coroutines.channels.Receive) -> p
    boolean enqueueReceiveInternal(kotlinx.coroutines.channels.Receive) -> q
    boolean isBufferAlwaysEmpty() -> r
    boolean isBufferEmpty() -> s
    void onReceiveDequeued() -> t
    void onReceiveEnqueued() -> u
    java.lang.Object pollInternal() -> v
    void removeReceiveOnCancel(kotlinx.coroutines.CancellableContinuation,kotlinx.coroutines.channels.Receive) -> w
kotlinx.coroutines.channels.AbstractChannel$Itr -> t0.a$a:
    java.lang.Object result -> b
    kotlinx.coroutines.channels.AbstractChannel channel -> a
    java.lang.Object hasNext(kotlin.coroutines.Continuation) -> a
    java.lang.Object getResult() -> b
    boolean hasNextResult(java.lang.Object) -> c
    java.lang.Object hasNextSuspend(kotlin.coroutines.Continuation) -> d
    void setResult(java.lang.Object) -> e