build/app/outputs/mapping/release/usage.txt
com.example.easy_daily.BuildConfig
com.example.easy_daily.R$attr
com.example.easy_daily.R$color
com.example.easy_daily.R$dimen
com.example.easy_daily.R$drawable
com.example.easy_daily.R$id
com.example.easy_daily.R$integer
com.example.easy_daily.R$layout
com.example.easy_daily.R$mipmap
com.example.easy_daily.R$string
com.example.easy_daily.R$style
com.example.easy_daily.R$styleable
com.example.easy_daily.R
...
io.flutter.plugin.common.EventChannel$1
io.flutter.plugin.common.EventChannel$EventSink
io.flutter.plugin.common.EventChannel$IncomingStreamRequestHandler$EventSinkImplementation
io.flutter.plugin.common.EventChannel$IncomingStreamRequestHandler
io.flutter.plugin.common.EventChannel$StreamHandler
io.flutter.plugin.common.EventChannel
io.flutter.plugin.common.FlutterException:
    private static final java.lang.String TAG
io.flutter.plugin.common.JSONUtil:
    private void <init>()
    public static java.lang.Object unwrap(java.lang.Object)
io.flutter.plugin.common.MethodCall:
    public java.lang.Object argument(java.lang.String)
    public boolean hasArgument(java.lang.String)
io.flutter.plugin.common.MethodChannel:
    private static final java.lang.String TAG
    public void resizeChannelBuffer(int)
io.flutter.plugin.common.PluginRegistry$PluginRegistrantCallback
io.flutter.plugin.common.PluginRegistry$Registrar
io.flutter.plugin.common.PluginRegistry$ViewDestroyListener
io.flutter.plugin.common.PluginRegistry
io.flutter.plugin.common.StandardMessageCodec:
    private static final byte BIGINT
    private static final byte BYTE_ARRAY
    private static final byte DOUBLE
    private static final byte DOUBLE_ARRAY
    private static final byte FALSE
    private static final byte FLOAT_ARRAY
    private static final byte INT
    private static final byte INT_ARRAY
    private static final byte LIST
    private static final byte LONG
    private static final byte LONG_ARRAY
    private static final byte MAP
    private static final byte NULL
    private static final byte STRING
    private static final java.lang.String TAG
    private static final byte TRUE
io.flutter.plugin.editing.FlutterTextUtils:
    public static final int CANCEL_TAG
    public static final int CARRIAGE_RETURN
    public static final int COMBINING_ENCLOSING_KEYCAP
    public static final int LINE_FEED
    public static final int ZERO_WIDTH_JOINER
io.flutter.plugin.editing.InputConnectionAdaptor:
    private static final java.lang.String TAG
    private static int clampIndexToEditable(int,android.text.Editable)
io.flutter.plugin.editing.ListenableEditingState:
    private static final java.lang.String TAG
io.flutter.plugin.editing.SpellCheckPlugin:
    private static final int MAX_SPELL_CHECK_SUGGESTIONS
io.flutter.plugin.editing.TextEditingDelta:
    private static final java.lang.String TAG
    public int getDeltaEnd()
    public int getDeltaStart()
    public java.lang.CharSequence getDeltaText()
    public int getNewComposingEnd()
    public int getNewComposingStart()
    public int getNewSelectionEnd()
    public int getNewSelectionStart()
    public java.lang.CharSequence getOldText()
io.flutter.plugin.editing.TextInputPlugin:
    private static final java.lang.String TAG
    android.text.Editable getEditable()
    io.flutter.plugin.editing.ImeSyncDeferringInsetsCallback getImeSyncCallback()
    public android.view.inputmethod.InputConnection getLastInputConnection()
io.flutter.plugin.mouse.MouseCursorPlugin$2:
    private static final long serialVersionUID
io.flutter.plugin.platform.PlatformPlugin:
    public static final int DEFAULT_SYSTEM_UI
    private static final java.lang.String TAG
    public void <init>(android.app.Activity,io.flutter.embedding.engine.systemchannels.PlatformChannel)
io.flutter.plugin.platform.PlatformViewFactory:
    public void <init>(io.flutter.plugin.common.MessageCodec)
io.flutter.plugin.platform.PlatformViewRegistry:
    public abstract boolean registerViewFactory(java.lang.String,io.flutter.plugin.platform.PlatformViewFactory)
io.flutter.plugin.platform.PlatformViewRegistryImpl:
    public boolean registerViewFactory(java.lang.String,io.flutter.plugin.platform.PlatformViewFactory)
io.flutter.plugin.platform.PlatformViewWrapper:
    private static final java.lang.String TAG
    public android.graphics.SurfaceTexture getTexture()